0 info it worked if it ends with ok
1 verbose cli [ 'C:\\Program Files\\nodejs\\\\node.exe',
1 verbose cli   'C:\\Program Files\\nodejs\\node_modules\\npm\\bin\\npm-cli.js',
1 verbose cli   'publish' ]
2 info using npm@1.4.28
3 info using node@v0.10.33
4 verbose node symlink C:\Program Files\nodejs\\node.exe
5 verbose publish [ '.' ]
6 verbose cache add [ '.', null ]
7 verbose cache add name=undefined spec="." args=[".",null]
8 verbose parsed url { protocol: null,
8 verbose parsed url   slashes: null,
8 verbose parsed url   auth: null,
8 verbose parsed url   host: null,
8 verbose parsed url   port: null,
8 verbose parsed url   hostname: null,
8 verbose parsed url   hash: null,
8 verbose parsed url   search: null,
8 verbose parsed url   query: null,
8 verbose parsed url   pathname: '.',
8 verbose parsed url   path: '.',
8 verbose parsed url   href: '.' }
9 silly lockFile 3a52ce78- .
10 verbose lock . C:\Users\Michal\AppData\Roaming\npm-cache\3a52ce78-.lock
11 verbose tar pack [ 'C:\\Users\\Michal\\AppData\\Roaming\\npm-cache\\imagizer\\0.1.1\\package.tgz',
11 verbose tar pack   '.' ]
12 verbose tarball C:\Users\Michal\AppData\Roaming\npm-cache\imagizer\0.1.1\package.tgz
13 verbose folder .
14 info prepublish imagizer@0.1.1
15 silly lockFile 1f1177db-tar tar://.
16 verbose lock tar://. C:\Users\Michal\AppData\Roaming\npm-cache\1f1177db-tar.lock
17 silly lockFile 6888e255-cache-imagizer-0-1-1-package-tgz tar://C:\Users\Michal\AppData\Roaming\npm-cache\imagizer\0.1.1\package.tgz
18 verbose lock tar://C:\Users\Michal\AppData\Roaming\npm-cache\imagizer\0.1.1\package.tgz C:\Users\Michal\AppData\Roaming\npm-cache\6888e255-cache-imagizer-0-1-1-package-tgz.lock
19 silly lockFile 1f1177db-tar tar://.
20 silly lockFile 1f1177db-tar tar://.
21 silly lockFile 6888e255-cache-imagizer-0-1-1-package-tgz tar://C:\Users\Michal\AppData\Roaming\npm-cache\imagizer\0.1.1\package.tgz
22 silly lockFile 6888e255-cache-imagizer-0-1-1-package-tgz tar://C:\Users\Michal\AppData\Roaming\npm-cache\imagizer\0.1.1\package.tgz
23 silly lockFile fd682055-npm-cache-imagizer-0-1-1-package C:\Users\Michal\AppData\Roaming\npm-cache\imagizer\0.1.1\package
24 verbose lock C:\Users\Michal\AppData\Roaming\npm-cache\imagizer\0.1.1\package C:\Users\Michal\AppData\Roaming\npm-cache\fd682055-npm-cache-imagizer-0-1-1-package.lock
25 silly lockFile fd682055-npm-cache-imagizer-0-1-1-package C:\Users\Michal\AppData\Roaming\npm-cache\imagizer\0.1.1\package
26 silly lockFile fd682055-npm-cache-imagizer-0-1-1-package C:\Users\Michal\AppData\Roaming\npm-cache\imagizer\0.1.1\package
27 silly lockFile 3a52ce78- .
28 silly lockFile 3a52ce78- .
29 silly publish { name: 'imagizer',
29 silly publish   version: '0.1.1',
29 silly publish   description: 'JavaScript library for image manipulation. Supports crop, resize, layers, blending modes, transform and color effects.',
29 silly publish   main: 'src/imagizer.js',
29 silly publish   dependencies: { canvas: '^1.2.3' },
29 silly publish   devDependencies: {},
29 silly publish   scripts: { test: 'echo "Error: no test specified" && exit 1' },
29 silly publish   repository: { type: 'git', url: 'https://github.com/baniczek/imagizer.git' },
29 silly publish   keywords:
29 silly publish    [ 'image',
29 silly publish      'graphic',
29 silly publish      'layer',
29 silly publish      'color',
29 silly publish      'transform',
29 silly publish      'effect',
29 silly publish      'crop',
29 silly publish      'resize' ],
29 silly publish   author: { name: 'Michał Baniowski', email: 'baniczek@gmail.com' },
29 silly publish   license: 'MIT',
29 silly publish   bugs: { url: 'https://github.com/baniczek/imagizer/issues' },
29 silly publish   homepage: 'https://github.com/baniczek/imagizer',
29 silly publish   gitHead: '35715897b6a36ae657179739db5ebf8a873a00f9',
29 silly publish   readme: '# imagizer\n\nImagizer is a JavaScript library for image manipulation.\n\nTo run demo you have to create vhost that points on main repo directory - this is required to avoid cross-domain errors.\nPlease check demo to get more examples - this documentation is under development.\n\nImagizer effect algorithms are based on a [Jerry\'s Java Image Proccesing Library](http://www.jhlabs.com/ip/filters/index.html)\n\nWorking demo you can find at [http://imagizer.baniczek.vipserv.org/](http://imagizer.baniczek.vipserv.org/)\n\n## Usage\nTo create a Project just execute following lines:\nIn browser:\n```javascript\nvar project = new Imagizer.Project(projectWidth, projectHeight);\n```\nor in node.js:\n```javascript\nvar project = require("imagizer");\n```\nwhere projectWidth and projectHeight are x and y dimensions of result image.\n\nTo a project you can add a layer:\n```javascript\nvar layer1 = project.createLayer();\n```\nand to a layer you can add image:\n```javascript\nvar image1 = new Imagizer.Image();\nimage1.load("my-image.png", function()\n{\n    var onLayerObject = layer1.put(image1, 0, 0); // put image1 to a layer with position 0, 0\n});\n```\nThen you can add efects to a object (image):\n```javascript\nimage1.load("my-image.png", function()\n{\n    var obj = layer1.put(image1, 0, 0); // put image1 to a layer with position 0, 0\n    obj.applyEffect("edge"/*, {parameter1: "someValue"}*/);\n    obj.applyEffect("gray-scale");\n    obj.applyEffect("invert");\n});\n```\n\nSome effects has a parameters, but if you don\'t pass any then the default parameters will be used.\n\nYou can add effect to a whole layer:\n```javascript\nimage1.load("my-image.png", function()\n{\n    var obj = layer1.put(image1, 0, 0); // put image1 to a layer with position 0, 0\n    layer1.applyEffect("invert");\n});\n```\nor whole project:\n```javascript\nimage1.load("my-image.png", function()\n{\n    var obj = layer1.put(image1, 0, 0); // put image1 to a layer with position 0, 0\n    project.applyEffect("sepia");\n});\n```\n\nLayers support alpha compositing and the blending modes. While alpha compositing is internal process and do not require your attention the blending mode you can set by:\n\n```javascript\nvar layer2 = project.createLayer({\n    blendingMode: "average"\n});\n```\n\nYou can also crop added image:\n```javascript\nimage1.load("img/pencils.jpg", function()\n{\n    var obj = layer1.put(image1, 0, 0);\n    obj.crop(100, 100, 100, 100); // startX, startY, width, height\n});\n```\nor resize image or whole layer:\n```javascript\nimage1.load("img/pencils.jpg", function()\n{\n    var obj = layer1.put(image1, 200, 150);\n    obj.resize(200, 150 /*, mode */);\n    // or\n    layer1.resize(200, 150 /*, mode */);\n});\n```\n\nThe following resize modes are supported:\n\n"nearest-neighbour" - default,\n"bilinear-interpolation",\n"biquadratic-interpolation".\n\n\n\nThe following blending modes are supported:\n- lighten\n- darken\n- multiply\n- average\n- add\n- subtract\n- difference\n- negation\n- screen\n- exclusion\n- overlay\n- softLight\n- hardLight\n- colorDodge\n- colorBurn\n- linearDodge\n- linearBurn\n- linearLight\n- vividLight\n- pinLight\n- hardMix\n- reflect\n- glow\n- phoenix\n\nand following effects are supported:\n- gray-scale\n- sepia\n- adjust-contrast-brightness\n- diffusion\n- dither\n- exposure\n- gain\n- gamma\n- gray\n- invertAlpha\n- invert\n- rescale\n- solarize\n- threshold\n- tritone\n- levels\n- diffuse\n- marble\n- pinch\n- ripple\n- shear\n- sphere\n- swim\n- twirl\n- water\n- dissolve\n- edge\n\nTo export the Project (result image) you have to call:\n```javascript\nproject.exportTo(".test-2");\n```\nJust pass DOM selector to \'exportTo\' method and (optionally) mime type of the image.\n\nImagizer supports [Node canvas](https://github.com/Automattic/node-canvas). That means when you have installed Node canvas you can render your images on a server side! Just check /demo/node_cli.js file.\n\nImagizer is under heavy development, feel free to ask or contribute!\n\nEnjoy!\n',
29 silly publish   readmeFilename: 'README.md',
29 silly publish   _id: 'imagizer@0.1.1',
29 silly publish   _shasum: '177cee09c3ed10d52b660c1f012cd0bd84a5aa1f',
29 silly publish   _from: '.' }
30 verbose request where is /imagizer
31 verbose request registry https://registry.npmjs.org/
32 verbose request id 6dc021ec50561f24
33 verbose url raw /imagizer
34 verbose url resolving [ 'https://registry.npmjs.org/', './imagizer' ]
35 verbose url resolved https://registry.npmjs.org/imagizer
36 verbose request where is https://registry.npmjs.org/imagizer
37 info trying registry request attempt 1 at 18:49:31
38 http PUT https://registry.npmjs.org/imagizer
39 http 403 https://registry.npmjs.org/imagizer
40 verbose headers { 'content-type': 'application/json',
40 verbose headers   'cache-control': 'max-age=60',
40 verbose headers   'content-length': '95',
40 verbose headers   'accept-ranges': 'bytes',
40 verbose headers   date: 'Wed, 01 Jul 2015 16:49:32 GMT',
40 verbose headers   via: '1.1 varnish',
40 verbose headers   connection: 'keep-alive',
40 verbose headers   'x-served-by': 'cache-fra1231-FRA',
40 verbose headers   'x-cache': 'MISS',
40 verbose headers   'x-cache-hits': '0',
40 verbose headers   'x-timer': 'S1435769370.188443,VS0,VE2040' }
41 error publish Failed PUT 403
42 error Error: "You cannot publish over the previously published version 0.1.1." : imagizer
42 error     at RegClient.<anonymous> (C:\Program Files\nodejs\node_modules\npm\node_modules\npm-registry-client\lib\request.js:308:14)
42 error     at Request._callback (C:\Program Files\nodejs\node_modules\npm\node_modules\npm-registry-client\lib\request.js:246:65)
42 error     at Request.self.callback (C:\Program Files\nodejs\node_modules\npm\node_modules\request\request.js:236:22)
42 error     at Request.emit (events.js:98:17)
42 error     at Request.<anonymous> (C:\Program Files\nodejs\node_modules\npm\node_modules\request\request.js:1142:14)
42 error     at Request.emit (events.js:117:20)
42 error     at IncomingMessage.<anonymous> (C:\Program Files\nodejs\node_modules\npm\node_modules\request\request.js:1096:12)
42 error     at IncomingMessage.emit (events.js:117:20)
42 error     at _stream_readable.js:943:16
42 error     at process._tickCallback (node.js:419:13)
43 error If you need help, you may report this *entire* log,
43 error including the npm and node versions, at:
43 error     <http://github.com/npm/npm/issues>
44 error System Windows_NT 6.2.9200
45 error command "C:\\Program Files\\nodejs\\\\node.exe" "C:\\Program Files\\nodejs\\node_modules\\npm\\bin\\npm-cli.js" "publish"
46 error cwd F:\github\imagizer
47 error node -v v0.10.33
48 error npm -v 1.4.28
49 verbose exit [ 1, true ]
